{"/Users/luciealoccio/Desktop/EPITECH/PreMSC/Projects/T-JSF-600/T-JSF-600-MAR_15/server/models/Channel.js": {"path":"/Users/luciealoccio/Desktop/EPITECH/PreMSC/Projects/T-JSF-600/T-JSF-600-MAR_15/server/models/Channel.js","statementMap":{"0":{"start":{"line":1,"column":17},"end":{"line":1,"column":36}},"1":{"start":{"line":3,"column":22},"end":{"line":26,"column":1}},"2":{"start":{"line":28,"column":0},"end":{"line":28,"column":58}}},"fnMap":{},"branchMap":{},"s":{"0":1,"1":1,"2":1},"f":{},"b":{},"_coverageSchema":"1a1c01bbd47fc00a2c39e90264f33305004495a9","hash":"64bb21d96818974c516ab4ee2b4af90f47c026fb"}
}
